CRITICAL - 2025-07-11 17:51:32 --> CodeIgniter\View\Exceptions\ViewException: Invalid file: "beranda/login.php"
[Method: GET, Route: /]
in VENDORPATH\codeigniter4\framework\system\Exceptions\FrameworkException.php on line 41.
 1 VENDORPATH\codeigniter4\framework\system\View\View.php(222): CodeIgniter\Exceptions\FrameworkException::forInvalidFile('beranda/login.php')
 2 SYSTEMPATH\Common.php(1171): CodeIgniter\View\View->render('beranda/login', [], true)
 3 APPPATH\Controllers\LandingPage.php(9): view('beranda/login')
 4 VENDORPATH\codeigniter4\framework\system\CodeIgniter.php(933): App\Controllers\LandingPage->index()
 5 VENDORPATH\codeigniter4\framework\system\CodeIgniter.php(509): CodeIgniter\CodeIgniter->runController(Object(App\Controllers\LandingPage))
 6 VENDORPATH\codeigniter4\framework\system\CodeIgniter.php(355): CodeIgniter\CodeIgniter->handleRequest(null, Object(Config\Cache), false)
 7 SYSTEMPATH\Boot.php(312): CodeIgniter\CodeIgniter->run()
 8 SYSTEMPATH\Boot.php(67): CodeIgniter\Boot::runCodeIgniter(Object(CodeIgniter\CodeIgniter))
 9 FCPATH\index.php(56): CodeIgniter\Boot::bootWeb(Object(Config\Paths))
10 SYSTEMPATH\Commands\Server\rewrite.php(49): require_once('C:\\xampp\\htdocs\\surung_mersada\\public\\index.php')
DEBUG - 2025-07-11 18:05:31 --> Session: Class initialized using 'CodeIgniter\Session\Handlers\FileHandler' driver.
DEBUG - 2025-07-11 18:06:33 --> Session: Class initialized using 'CodeIgniter\Session\Handlers\FileHandler' driver.
DEBUG - 2025-07-11 18:06:36 --> Session: Class initialized using 'CodeIgniter\Session\Handlers\FileHandler' driver.
CRITICAL - 2025-07-11 19:25:53 --> CodeIgniter\View\Exceptions\ViewException: Invalid file: "template/index.php"
[Method: GET, Route: admin/dashboard]
in VENDORPATH\codeigniter4\framework\system\Exceptions\FrameworkException.php on line 41.
 1 VENDORPATH\codeigniter4\framework\system\View\View.php(222): CodeIgniter\Exceptions\FrameworkException::forInvalidFile('template/index.php')
 2 VENDORPATH\codeigniter4\framework\system\View\View.php(250): CodeIgniter\View\View->render('template/index', [], true)
 3 SYSTEMPATH\Common.php(1171): CodeIgniter\View\View->render('admin/index', [], true)
 4 APPPATH\Controllers\AdminController.php(9): view('admin/index')
 5 VENDORPATH\codeigniter4\framework\system\CodeIgniter.php(933): App\Controllers\AdminController->index()
 6 VENDORPATH\codeigniter4\framework\system\CodeIgniter.php(509): CodeIgniter\CodeIgniter->runController(Object(App\Controllers\AdminController))
 7 VENDORPATH\codeigniter4\framework\system\CodeIgniter.php(355): CodeIgniter\CodeIgniter->handleRequest(null, Object(Config\Cache), false)
 8 SYSTEMPATH\Boot.php(312): CodeIgniter\CodeIgniter->run()
 9 SYSTEMPATH\Boot.php(67): CodeIgniter\Boot::runCodeIgniter(Object(CodeIgniter\CodeIgniter))
10 FCPATH\index.php(56): CodeIgniter\Boot::bootWeb(Object(Config\Paths))
11 SYSTEMPATH\Commands\Server\rewrite.php(49): require_once('C:\\xampp\\htdocs\\surung_mersada\\public\\index.php')
CRITICAL - 2025-07-11 19:26:36 --> CodeIgniter\View\Exceptions\ViewException: Invalid file: "template/index.php"
[Method: GET, Route: admin/dashboard]
in VENDORPATH\codeigniter4\framework\system\Exceptions\FrameworkException.php on line 41.
 1 VENDORPATH\codeigniter4\framework\system\View\View.php(222): CodeIgniter\Exceptions\FrameworkException::forInvalidFile('template/index.php')
 2 VENDORPATH\codeigniter4\framework\system\View\View.php(250): CodeIgniter\View\View->render('template/index', [], true)
 3 SYSTEMPATH\Common.php(1171): CodeIgniter\View\View->render('admin/index', [], true)
 4 APPPATH\Controllers\AdminController.php(9): view('admin/index')
 5 VENDORPATH\codeigniter4\framework\system\CodeIgniter.php(933): App\Controllers\AdminController->index()
 6 VENDORPATH\codeigniter4\framework\system\CodeIgniter.php(509): CodeIgniter\CodeIgniter->runController(Object(App\Controllers\AdminController))
 7 VENDORPATH\codeigniter4\framework\system\CodeIgniter.php(355): CodeIgniter\CodeIgniter->handleRequest(null, Object(Config\Cache), false)
 8 SYSTEMPATH\Boot.php(312): CodeIgniter\CodeIgniter->run()
 9 SYSTEMPATH\Boot.php(67): CodeIgniter\Boot::runCodeIgniter(Object(CodeIgniter\CodeIgniter))
10 FCPATH\index.php(56): CodeIgniter\Boot::bootWeb(Object(Config\Paths))
11 SYSTEMPATH\Commands\Server\rewrite.php(49): require_once('C:\\xampp\\htdocs\\surung_mersada\\public\\index.php')
CRITICAL - 2025-07-11 19:29:56 --> CodeIgniter\View\Exceptions\ViewException: Invalid file: "template/sidebar.php"
[Method: GET, Route: admin/dashboard]
in VENDORPATH\codeigniter4\framework\system\Exceptions\FrameworkException.php on line 41.
 1 VENDORPATH\codeigniter4\framework\system\View\View.php(222): CodeIgniter\Exceptions\FrameworkException::forInvalidFile('template/sidebar.php')
 2 VENDORPATH\codeigniter4\framework\system\View\View.php(487): CodeIgniter\View\View->render('template/sidebar', null, true)
 3 APPPATH\Views\admin\template\index.php(40): CodeIgniter\View\View->include('template/sidebar')
 4 VENDORPATH\codeigniter4\framework\system\View\View.php(234): include('C:\\xampp\\htdocs\\surung_mersada\\app\\Views\\admin\\template\\index.php')
 5 VENDORPATH\codeigniter4\framework\system\View\View.php(237): CodeIgniter\View\View->CodeIgniter\View\{closure}()
 6 VENDORPATH\codeigniter4\framework\system\View\View.php(250): CodeIgniter\View\View->render('admin/template/index', [], true)
 7 SYSTEMPATH\Common.php(1171): CodeIgniter\View\View->render('admin/index', [], true)
 8 APPPATH\Controllers\AdminController.php(9): view('admin/index')
 9 VENDORPATH\codeigniter4\framework\system\CodeIgniter.php(933): App\Controllers\AdminController->index()
10 VENDORPATH\codeigniter4\framework\system\CodeIgniter.php(509): CodeIgniter\CodeIgniter->runController(Object(App\Controllers\AdminController))
11 VENDORPATH\codeigniter4\framework\system\CodeIgniter.php(355): CodeIgniter\CodeIgniter->handleRequest(null, Object(Config\Cache), false)
12 SYSTEMPATH\Boot.php(312): CodeIgniter\CodeIgniter->run()
13 SYSTEMPATH\Boot.php(67): CodeIgniter\Boot::runCodeIgniter(Object(CodeIgniter\CodeIgniter))
14 FCPATH\index.php(56): CodeIgniter\Boot::bootWeb(Object(Config\Paths))
15 SYSTEMPATH\Commands\Server\rewrite.php(49): require_once('C:\\xampp\\htdocs\\surung_mersada\\public\\index.php')
